<?xml version="1.0" encoding="utf-8"?>
<TestRun id="18374034-5a06-43df-a5b0-514438348099" name="@06ac21dd5c18 2021-04-14 12:21:07" xmlns="http://microsoft.com/schemas/VisualStudio/TeamTest/2010">
  <Times creation="2021-04-14T12:21:07.4539825+00:00" queuing="2021-04-14T12:21:07.4539826+00:00" start="2021-04-14T12:21:04.9146955+00:00" finish="2021-04-14T12:21:07.4638160+00:00" />
  <TestSettings name="default" id="93c63022-578d-4635-a224-30004e44d2a8">
    <Deployment runDeploymentRoot="_06ac21dd5c18_2021-04-14_12_21_07" />
  </TestSettings>
  <TestLists>
    <TestList name="Results Not in a List" id="8c84fa94-04c1-424b-9868-57a2d4851a1d" />
    <TestList name="All Loaded Results" id="19431567-8539-422a-85d7-44ee4e166bda" />
  </TestLists>
  <ResultSummary outcome="Completed">
    <Counters total="0" executed="0" passed="0" failed="0" error="0" timeout="0" aborted="0" inconclusive="0" passedButRunAborted="0" notRunnable="0" notExecuted="0" disconnected="0" warning="0" completed="0" inProgress="0" pending="0" />
    <Output>
      <StdOut>[xUnit.net 00:00:00.00] xUnit.net VSTest Adapter v2.4.0 (64-bit .NET Core 3.1.14)
</StdOut>
    </Output>
    <RunInfos>
      <RunInfo computerName="06ac21dd5c18" outcome="Warning" timestamp="2021-04-14T12:21:07.3568548+00:00">
        <Text>No test is available in /app/build/Waters.Trending.Server.AcceptanceTests.dll. Make sure that test discoverer &amp; executors are registered and platform &amp; framework version settings are appropriate and try again.</Text>
      </RunInfo>
    </RunInfos>
  </ResultSummary>
</TestRun>