<?xml version="1.0" encoding="utf-8"?>
<TestRun id="85fc1a6c-b7c1-4180-b035-0a50d470c8be" name="@buildkitsandbox 2021-02-12 17:18:13" xmlns="http://microsoft.com/schemas/VisualStudio/TeamTest/2010">
  <Times creation="2021-02-12T17:18:13.1548943+00:00" queuing="2021-02-12T17:18:13.1548946+00:00" start="2021-02-12T17:18:12.9761025+00:00" finish="2021-02-12T17:18:13.1554056+00:00" />
  <TestSettings name="default" id="49fc565f-61cf-465d-81c9-93d3b16a39ba">
    <Deployment runDeploymentRoot="_buildkitsandbox_2021-02-12_17_18_13" />
  </TestSettings>
  <TestLists>
    <TestList name="Results Not in a List" id="8c84fa94-04c1-424b-9868-57a2d4851a1d" />
    <TestList name="All Loaded Results" id="19431567-8539-422a-85d7-44ee4e166bda" />
  </TestLists>
  <ResultSummary outcome="Failed">
    <Counters total="0" executed="0" passed="0" failed="0" error="0" timeout="0" aborted="0" inconclusive="0" passedButRunAborted="0" notRunnable="0" notExecuted="0" disconnected="0" warning="0" completed="0" inProgress="0" pending="0" />
    <RunInfos>
      <RunInfo computerName="buildkitsandbox" outcome="Error" timestamp="2021-02-12T17:18:13.1222843+00:00">
        <Text>Testhost process exited with error: It was not possible to find any compatible framework version
The framework 'Microsoft.NETCore.App', version '3.1.0' was not found.
  - The following frameworks were found:
      5.0.3 at [/usr/share/dotnet/shared/Microsoft.NETCore.App]
You can resolve the problem by installing the specified framework and/or SDK.
The specified framework can be found at:
  - https://aka.ms/dotnet-core-applaunch?framework=Microsoft.NETCore.App&amp;framework_version=3.1.0&amp;arch=x64&amp;rid=debian.10-x64
. Please check the diagnostic logs for more information.</Text>
      </RunInfo>
    </RunInfos>
  </ResultSummary>
</TestRun>