<?xml version="1.0" encoding="utf-8"?>
<TestRun id="3e836296-4e3f-4a0b-9807-9a0594ff3f02" name="@testsrunner-job-fc962 2020-01-09 14:05:41:474" xmlns="http://microsoft.com/schemas/VisualStudio/TeamTest/2010">
  <Times creation="2020-01-09T14:05:41.4749916+00:00" queuing="2020-01-09T14:05:41.4749917+00:00" start="2020-01-09T14:05:40.5069954+00:00" finish="2020-01-09T14:07:31.9132227+00:00" />
  <TestSettings name="default" id="6017d281-4129-41ad-944f-431176a38322">
    <Deployment runDeploymentRoot="_testsrunner-job-fc962_2020-01-09_14_05_41_474" />
  </TestSettings>
  <Results>
    <UnitTestResult executionId="45c51476-8ae6-4a31-b2a0-d5f65a3adc69" testId="77451e53-fdfa-d4a6-865f-a06863727cf6" testName="TestMethod1" computerName="testsrunner-job-fc962" duration="00:00:12.6078697" startTime="2020-01-09T14:07:18.9047208+00:00" endTime="2020-01-09T14:07:31.5128458+00:00" testType="13cdc9d9-ddb5-4fa4-a97d-d965ccfc6d4b" outcome="Passed" testListId="8c84fa94-04c1-424b-9868-57a2d4851a1d" relativeResultsDirectory="45c51476-8ae6-4a31-b2a0-d5f65a3adc69">
    </UnitTestResult>
    <UnitTestResult executionId="46c51476-8ae6-4a31-b2a0-d5f65a3adc70" testId="78451e53-fdfa-d4a6-865f-a06863727cf7" testName="TestMethod2" computerName="testsrunner-job-fc962" duration="00:00:02.1234567" startTime="2020-01-09T14:07:19.0000000+00:00" endTime="2020-01-09T14:07:21.1234567+00:00" testType="13cdc9d9-ddb5-4fa4-a97d-d965ccfc6d4b" outcome="Passed" testListId="8c84fa94-04c1-424b-9868-57a2d4851a1d" relativeResultsDirectory="46c51476-8ae6-4a31-b2a0-d5f65a3adc70">
    </UnitTestResult>
  </Results>
  <TestDefinitions>
    <UnitTest name="TestMethod1" storage="/root/bin/release/netcoreapp3.1/test.dll" id="77451e53-fdfa-d4a6-865f-a06863727cf6">
      <Execution id="45c51476-8ae6-4a31-b2a0-d5f65a3adc69" />
      <TestMethod codeBase="/root/bin/Release/netcoreapp3.1/test.dll" adapterTypeName="executor://mstestadapter/v2" className="TestProject.Test1" name="TestMethod1" />
    </UnitTest>
    <UnitTest name="TestMethod2" storage="/root/bin/release/netcoreapp3.1/test.dll" id="78451e53-fdfa-d4a6-865f-a06863727cf7">
      <Execution id="46c51476-8ae6-4a31-b2a0-d5f65a3adc70" />
      <TestMethod codeBase="/root/bin/Release/netcoreapp3.1/test.dll" adapterTypeName="executor://mstestadapter/v2" className="TestProject.Test1" name="TestMethod2" />
    </UnitTest>
  </TestDefinitions>
  <TestEntries>
    <TestEntry testId="77451e53-fdfa-d4a6-865f-a06863727cf6" executionId="45c51476-8ae6-4a31-b2a0-d5f65a3adc69" testListId="8c84fa94-04c1-424b-9868-57a2d4851a1d" />
    <TestEntry testId="78451e53-fdfa-d4a6-865f-a06863727cf7" executionId="46c51476-8ae6-4a31-b2a0-d5f65a3adc70" testListId="8c84fa94-04c1-424b-9868-57a2d4851a1d" />
  </TestEntries>
  <TestLists>
    <TestList name="Results Not in a List" id="8c84fa94-04c1-424b-9868-57a2d4851a1d" />
    <TestList name="All Loaded Results" id="19431567-8539-422a-85d7-44ee4e166bda" />
  </TestLists>
  <ResultSummary outcome="Failed">
    <Counters total="2" executed="2" passed="2" failed="0" error="0" timeout="0" aborted="0" inconclusive="0" passedButRunAborted="0" notRunnable="0" notExecuted="0" disconnected="0" warning="0" completed="0" inProgress="0" pending="0" />
    <RunInfos>
      <RunInfo computerName="testsrunner-job-fc962" outcome="Warning" timestamp="2020-01-09T14:07:31.9132227+00:00">Test host process crashed</RunInfo>
    </RunInfos>
  </ResultSummary>
</TestRun>