<?xml version="1.0" encoding="utf-8"?>
<TestRun id="16e88771-a7b1-4340-b82c-7334b07ddce9" name="@staging-tests-tktr8 2020-10-09 13:04:50" xmlns="http://microsoft.com/schemas/VisualStudio/TeamTest/2010">
  <Times creation="2020-10-09T13:04:50.9933304+00:00" queuing="2020-10-09T13:04:50.9933305+00:00" start="2020-10-09T13:04:50.3056882+00:00" finish="2020-10-09T13:04:51.0034933+00:00" />
  <TestSettings name="default" id="ea5e1c37-33a6-41f9-ac8d-60233ca12068">
    <Deployment runDeploymentRoot="_staging-tests-tktr8_2020-10-09_13_04_50" />
  </TestSettings>
  <Results>
    <UnitTestResult executionId="fde7df1f-4343-4b3a-b9d0-877978571dc0" testId="4bf72103-4551-c34e-0c54-c20c09328bff" testName="TestMethod4" computerName="staging-tests-tktr8" duration="00:00:00.0000280" startTime="2020-10-09T13:04:50.8598459+00:00" endTime="2020-10-09T13:04:50.8599298+00:00" testType="13cdc9d9-ddb5-4fa4-a97d-d965ccfc6d4b" outcome="Passed" testListId="8c84fa94-04c1-424b-9868-57a2d4851a1d" relativeResultsDirectory="fde7df1f-4343-4b3a-b9d0-877978571dc0" />
    <UnitTestResult executionId="48fefca5-7f8f-450a-9f03-f239a0e4dd5f" testId="2661751b-3bbc-4835-85e2-4c7e37b46081" testName="TestMethod2" computerName="staging-tests-tktr8" duration="00:00:00.0000420" startTime="2020-10-09T13:04:50.8595388+00:00" endTime="2020-10-09T13:04:50.8597051+00:00" testType="13cdc9d9-ddb5-4fa4-a97d-d965ccfc6d4b" outcome="Passed" testListId="8c84fa94-04c1-424b-9868-57a2d4851a1d" relativeResultsDirectory="48fefca5-7f8f-450a-9f03-f239a0e4dd5f" />
    <UnitTestResult executionId="a95fe3de-59dc-4b98-8986-52ca510ceccc" testId="53a8c29f-d792-c64e-2275-b7d8e947a475" testName="TestMethod1" computerName="staging-tests-tktr8" duration="00:00:00.0029996" startTime="2020-10-09T13:04:50.8250146+00:00" endTime="2020-10-09T13:04:50.8528794+00:00" testType="13cdc9d9-ddb5-4fa4-a97d-d965ccfc6d4b" outcome="Passed" testListId="8c84fa94-04c1-424b-9868-57a2d4851a1d" relativeResultsDirectory="a95fe3de-59dc-4b98-8986-52ca510ceccc" />
    <UnitTestResult executionId="eef4dbb8-599b-4402-8496-07f86dfc2a48" testId="75210671-90ae-b0ae-e75d-2d4040445397" testName="TestMethod3" computerName="staging-tests-tktr8" duration="00:00:00.0000315" startTime="2020-10-09T13:04:50.8597337+00:00" endTime="2020-10-09T13:04:50.8598342+00:00" testType="13cdc9d9-ddb5-4fa4-a97d-d965ccfc6d4b" outcome="Passed" testListId="8c84fa94-04c1-424b-9868-57a2d4851a1d" relativeResultsDirectory="eef4dbb8-599b-4402-8496-07f86dfc2a48" />
  </Results>
  <TestDefinitions>
    <UnitTest name="TestMethod1" storage="/root/bin/release/netcoreapp3.1/dummy-tests.dll" id="53a8c29f-d792-c64e-2275-b7d8e947a475">
      <Execution id="a95fe3de-59dc-4b98-8986-52ca510ceccc" />
      <TestMethod codeBase="/root/bin/Release/netcoreapp3.1/dummy-tests.dll" adapterTypeName="executor://mstestadapter/v2" className="dummy_tests.DummyTest1" name="TestMethod1" />
    </UnitTest>
    <UnitTest name="TestMethod4" storage="/root/bin/release/netcoreapp3.1/dummy-tests.dll" id="4bf72103-4551-c34e-0c54-c20c09328bff">
      <Execution id="fde7df1f-4343-4b3a-b9d0-877978571dc0" />
      <TestMethod codeBase="/root/bin/Release/netcoreapp3.1/dummy-tests.dll" adapterTypeName="executor://mstestadapter/v2" className="dummy_tests.DummyTest1" name="TestMethod4" />
    </UnitTest>
    <UnitTest name="TestMethod2" storage="/root/bin/release/netcoreapp3.1/dummy-tests.dll" id="2661751b-3bbc-4835-85e2-4c7e37b46081">
      <Execution id="48fefca5-7f8f-450a-9f03-f239a0e4dd5f" />
      <TestMethod codeBase="/root/bin/Release/netcoreapp3.1/dummy-tests.dll" adapterTypeName="executor://mstestadapter/v2" className="dummy_tests.DummyTest1" name="TestMethod2" />
    </UnitTest>
    <UnitTest name="TestMethod3" storage="/root/bin/release/netcoreapp3.1/dummy-tests.dll" id="75210671-90ae-b0ae-e75d-2d4040445397">
      <Execution id="eef4dbb8-599b-4402-8496-07f86dfc2a48" />
      <TestMethod codeBase="/root/bin/Release/netcoreapp3.1/dummy-tests.dll" adapterTypeName="executor://mstestadapter/v2" className="dummy_tests.DummyTest1" name="TestMethod3" />
    </UnitTest>
  </TestDefinitions>
  <TestEntries>
    <TestEntry testId="4bf72103-4551-c34e-0c54-c20c09328bff" executionId="fde7df1f-4343-4b3a-b9d0-877978571dc0" testListId="8c84fa94-04c1-424b-9868-57a2d4851a1d" />
    <TestEntry testId="2661751b-3bbc-4835-85e2-4c7e37b46081" executionId="48fefca5-7f8f-450a-9f03-f239a0e4dd5f" testListId="8c84fa94-04c1-424b-9868-57a2d4851a1d" />
    <TestEntry testId="53a8c29f-d792-c64e-2275-b7d8e947a475" executionId="a95fe3de-59dc-4b98-8986-52ca510ceccc" testListId="8c84fa94-04c1-424b-9868-57a2d4851a1d" />
    <TestEntry testId="75210671-90ae-b0ae-e75d-2d4040445397" executionId="eef4dbb8-599b-4402-8496-07f86dfc2a48" testListId="8c84fa94-04c1-424b-9868-57a2d4851a1d" />
  </TestEntries>
  <TestLists>
    <TestList name="Results Not in a List" id="8c84fa94-04c1-424b-9868-57a2d4851a1d" />
    <TestList name="All Loaded Results" id="19431567-8539-422a-85d7-44ee4e166bda" />
  </TestLists>
  <ResultSummary outcome="Completed">
    <Counters total="4" executed="4" passed="4" failed="0" error="0" timeout="0" aborted="0" inconclusive="0" passedButRunAborted="0" notRunnable="0" notExecuted="0" disconnected="0" warning="0" completed="0" inProgress="0" pending="0" />
  </ResultSummary>
</TestRun>